This file contains any messages produced by compilers while
running configure, to aid debugging if configure makes a mistake.

It was created by libpaillier configure 0.8, which was
generated by GNU Autoconf 2.69.  Invocation command line was

  $ ./configure --with-gmp-include=/usr/include/x86_64-linux-gnu --with-gmp-lib=/usr/include/x86_64-linux-gnu --no-create --no-recursion

## --------- ##
## Platform. ##
## --------- ##

hostname = orangeyTang
uname -m = x86_64
uname -r = 4.4.0-19041-Microsoft
uname -s = Linux
uname -v = #488-Microsoft Mon Sep 01 13:43:00 PST 2020

/usr/bin/uname -p = unknown
/bin/uname -X     = unknown

/bin/arch              = unknown
/usr/bin/arch -k       = unknown
/usr/convex/getsysinfo = unknown
/usr/bin/hostinfo      = unknown
/bin/machine           = unknown
/usr/bin/oslevel       = unknown
/bin/universe          = unknown

PATH: /home/ristic/.local/bin
PATH: /usr/local/sbin
PATH: /usr/local/bin
PATH: /usr/sbin
PATH: /usr/bin
PATH: /sbin
PATH: /bin
PATH: /usr/games
PATH: /usr/local/games
PATH: /mnt/c/ProgramData/Oracle/Java/javapath
PATH: /mnt/c/Program Files (x86)/Intel/iCLS Client/
PATH: /mnt/c/Program Files/Intel/iCLS Client/
PATH: /mnt/c/WINDOWS/system32
PATH: /mnt/c/WINDOWS
PATH: /mnt/c/WINDOWS/System32/Wbem
PATH: /mnt/c/WINDOWS/System32/WindowsPowerShell/v1.0/
PATH: /mnt/c/Program Files/MiKTeX 2.9/miktex/bin/x64/
PATH: /mnt/c/Program Files (x86)/Intel/Intel(R) Management Engine Components/DAL
PATH: /mnt/c/Program Files/Intel/Intel(R) Management Engine Components/DAL
PATH: /mnt/c/Program Files (x86)/Intel/Intel(R) Management Engine Components/IPT
PATH: /mnt/c/Program Files/Intel/Intel(R) Management Engine Components/IPT
PATH: /mnt/c/Program Files/Microsoft SQL Server/130/Tools/Binn/
PATH: /mnt/c/Program Files/dotnet/
PATH: /mnt/c/Program Files/Java/jdk1.8.0_161/bin
PATH: /mnt/c/Program Files (x86)/GtkSharp/2.12/bin
PATH: /mnt/c/WINDOWS/System32/OpenSSH/
PATH: /mnt/c/Program Files/Git/cmd
PATH: /mnt/c/Users/i_am_/postgres
PATH: /mnt/c/Program Files/PostgreSQL/9.5/bin
PATH: /mnt/c/Users/i_am_/apache-maven-3.5.4/bin
PATH: /mnt/c/Strawberry/c/bin
PATH: /mnt/c/Strawberry/perl/site/bin
PATH: /mnt/c/Strawberry/perl/bin
PATH: /mnt/c/ProgramData/chocolatey/bin
PATH: /mnt/c/Users/i_am_/AppData/Local/Android/Sdk/platform-tools
PATH: /mnt/c/Users/i_am_/AppData/Local/Programs/Python/Python37/Scripts/
PATH: /mnt/c/Users/i_am_/AppData/Local/Programs/Python/Python37/
PATH: /mnt/c/Users/i_am_/AppData/Local/Microsoft/WindowsApps
PATH: /mnt/c/Users/i_am_/AppData/Local/Programs/Microsoft VS Code/bin
PATH: /mnt/c/Program Files/heroku/bin
PATH: /mnt/c/Users/i_am_/AppData/Roaming/cabal/bin
PATH: /mnt/c/ProgramData/chocolatey/lib/ghc/tools/ghc-8.10.2/bin
PATH: /mnt/c/tools/msys64
PATH: /snap/bin


## ----------- ##
## Core tests. ##
## ----------- ##

configure:2223: checking for gcc
configure:2239: found /usr/bin/gcc
configure:2250: result: gcc
configure:2479: checking for C compiler version
configure:2488: gcc --version >&5
gcc (Ubuntu 7.5.0-3ubuntu1~18.04) 7.5.0
Copyright (C) 2017 Free Software Foundation, Inc.
This is free software; see the source for copying conditions.  There is NO
warranty; not even for MERCHANTABILITY or FITNESS FOR A PARTICULAR PURPOSE.

configure:2499: $? = 0
configure:2488: gcc -v >&5
Using built-in specs.
COLLECT_GCC=gcc
COLLECT_LTO_WRAPPER=/usr/lib/gcc/x86_64-linux-gnu/7/lto-wrapper
OFFLOAD_TARGET_NAMES=nvptx-none
OFFLOAD_TARGET_DEFAULT=1
Target: x86_64-linux-gnu
Configured with: ../src/configure -v --with-pkgversion='Ubuntu 7.5.0-3ubuntu1~18.04' --with-bugurl=file:///usr/share/doc/gcc-7/README.Bugs --enable-languages=c,ada,c++,go,brig,d,fortran,objc,obj-c++ --prefix=/usr --with-gcc-major-version-only --program-suffix=-7 --program-prefix=x86_64-linux-gnu- --enable-shared --enable-linker-build-id --libexecdir=/usr/lib --without-included-gettext --enable-threads=posix --libdir=/usr/lib --enable-nls --enable-bootstrap --enable-clocale=gnu --enable-libstdcxx-debug --enable-libstdcxx-time=yes --with-default-libstdcxx-abi=new --enable-gnu-unique-object --disable-vtable-verify --enable-libmpx --enable-plugin --enable-default-pie --with-system-zlib --with-target-system-zlib --enable-objc-gc=auto --enable-multiarch --disable-werror --with-arch-32=i686 --with-abi=m64 --with-multilib-list=m32,m64,mx32 --enable-multilib --with-tune=generic --enable-offload-targets=nvptx-none --without-cuda-driver --enable-checking=release --build=x86_64-linux-gnu --host=x86_64-linux-gnu --target=x86_64-linux-gnu
Thread model: posix
gcc version 7.5.0 (Ubuntu 7.5.0-3ubuntu1~18.04) 
configure:2499: $? = 0
configure:2488: gcc -V >&5
gcc: error: unrecognized command line option '-V'
gcc: fatal error: no input files
compilation terminated.
configure:2499: $? = 1
configure:2488: gcc -qversion >&5
gcc: error: unrecognized command line option '-qversion'; did you mean '--version'?
gcc: fatal error: no input files
compilation terminated.
configure:2499: $? = 1
configure:2519: checking whether the C compiler works
configure:2541: gcc -O3 -Wall  -O3 -Wall conftest.c  >&5
configure:2545: $? = 0
configure:2593: result: yes
configure:2596: checking for C compiler default output file name
configure:2598: result: a.out
configure:2604: checking for suffix of executables
configure:2611: gcc -o conftest -O3 -Wall  -O3 -Wall conftest.c  >&5
configure:2615: $? = 0
configure:2637: result: 
configure:2659: checking whether we are cross compiling
configure:2667: gcc -o conftest -O3 -Wall  -O3 -Wall conftest.c  >&5
configure:2671: $? = 0
configure:2678: ./conftest
configure:2682: $? = 0
configure:2697: result: no
configure:2702: checking for suffix of object files
configure:2724: gcc -c -O3 -Wall  conftest.c >&5
configure:2728: $? = 0
configure:2749: result: o
configure:2753: checking whether we are using the GNU C compiler
configure:2772: gcc -c -O3 -Wall  conftest.c >&5
configure:2772: $? = 0
configure:2781: result: yes
configure:2790: checking whether gcc accepts -g
configure:2810: gcc -c -g  conftest.c >&5
configure:2810: $? = 0
configure:2851: result: yes
configure:2868: checking for gcc option to accept ISO C89
configure:2931: gcc  -c -O3 -Wall  conftest.c >&5
configure:2931: $? = 0
configure:2944: result: none needed
configure:2977: checking how to run the C preprocessor
configure:3008: gcc -E  conftest.c
configure:3008: $? = 0
configure:3022: gcc -E  conftest.c
conftest.c:9:10: fatal error: ac_nonexistent.h: No such file or directory
 #include <ac_nonexistent.h>
          ^~~~~~~~~~~~~~~~~~
compilation terminated.
configure:3022: $? = 1
configure: failed program was:
| /* confdefs.h */
| #define PACKAGE_NAME "libpaillier"
| #define PACKAGE_TARNAME "libpaillier"
| #define PACKAGE_VERSION "0.8"
| #define PACKAGE_STRING "libpaillier 0.8"
| #define PACKAGE_BUGREPORT "bethenco@cs.berkeley.edu"
| #define PACKAGE_URL ""
| /* end confdefs.h.  */
| #include <ac_nonexistent.h>
configure:3047: result: gcc -E
configure:3067: gcc -E  conftest.c
configure:3067: $? = 0
configure:3081: gcc -E  conftest.c
conftest.c:9:10: fatal error: ac_nonexistent.h: No such file or directory
 #include <ac_nonexistent.h>
          ^~~~~~~~~~~~~~~~~~
compilation terminated.
configure:3081: $? = 1
configure: failed program was:
| /* confdefs.h */
| #define PACKAGE_NAME "libpaillier"
| #define PACKAGE_TARNAME "libpaillier"
| #define PACKAGE_VERSION "0.8"
| #define PACKAGE_STRING "libpaillier 0.8"
| #define PACKAGE_BUGREPORT "bethenco@cs.berkeley.edu"
| #define PACKAGE_URL ""
| /* end confdefs.h.  */
| #include <ac_nonexistent.h>
configure:3110: checking for grep that handles long lines and -e
configure:3168: result: /bin/grep
configure:3173: checking for egrep
configure:3235: result: /bin/grep -E
configure:3240: checking for ANSI C header files
configure:3260: gcc -c -O3 -Wall  conftest.c >&5
configure:3260: $? = 0
configure:3333: gcc -o conftest -O3 -Wall  -O3 -Wall conftest.c  >&5
configure:3333: $? = 0
configure:3333: ./conftest
configure:3333: $? = 0
configure:3344: result: yes
configure:3357: checking for sys/types.h
configure:3357: gcc -c -O3 -Wall  conftest.c >&5
configure:3357: $? = 0
configure:3357: result: yes
configure:3357: checking for sys/stat.h
configure:3357: gcc -c -O3 -Wall  conftest.c >&5
configure:3357: $? = 0
configure:3357: result: yes
configure:3357: checking for stdlib.h
configure:3357: gcc -c -O3 -Wall  conftest.c >&5
configure:3357: $? = 0
configure:3357: result: yes
configure:3357: checking for string.h
configure:3357: gcc -c -O3 -Wall  conftest.c >&5
configure:3357: $? = 0
configure:3357: result: yes
configure:3357: checking for memory.h
configure:3357: gcc -c -O3 -Wall  conftest.c >&5
configure:3357: $? = 0
configure:3357: result: yes
configure:3357: checking for strings.h
configure:3357: gcc -c -O3 -Wall  conftest.c >&5
configure:3357: $? = 0
configure:3357: result: yes
configure:3357: checking for inttypes.h
configure:3357: gcc -c -O3 -Wall  conftest.c >&5
configure:3357: $? = 0
configure:3357: result: yes
configure:3357: checking for stdint.h
configure:3357: gcc -c -O3 -Wall  conftest.c >&5
configure:3357: $? = 0
configure:3357: result: yes
configure:3357: checking for unistd.h
configure:3357: gcc -c -O3 -Wall  conftest.c >&5
configure:3357: $? = 0
configure:3357: result: yes
configure:3372: checking for stdlib.h
configure:3372: result: yes
configure:3372: checking for string.h
configure:3372: result: yes
configure:3387: checking for stdlib.h
configure:3387: result: yes
configure:3397: checking for GNU libc compatible malloc
configure:3421: gcc -o conftest -O3 -Wall  -O3 -Wall conftest.c  >&5
configure:3421: $? = 0
configure:3421: ./conftest
configure:3421: $? = 0
configure:3431: result: yes
configure:3454: checking for stdlib.h
configure:3454: result: yes
configure:3464: checking for GNU libc compatible realloc
configure:3488: gcc -o conftest -O3 -Wall  -O3 -Wall conftest.c  >&5
configure:3488: $? = 0
configure:3488: ./conftest
configure:3488: $? = 0
configure:3498: result: yes
configure:3519: checking for size_t
configure:3519: gcc -c -O3 -Wall  conftest.c >&5
configure:3519: $? = 0
configure:3519: gcc -c -O3 -Wall  conftest.c >&5
conftest.c: In function 'main':
conftest.c:61:21: error: expected expression before ')' token
 if (sizeof ((size_t)))
                     ^
configure:3519: $? = 1
configure: failed program was:
| /* confdefs.h */
| #define PACKAGE_NAME "libpaillier"
| #define PACKAGE_TARNAME "libpaillier"
| #define PACKAGE_VERSION "0.8"
| #define PACKAGE_STRING "libpaillier 0.8"
| #define PACKAGE_BUGREPORT "bethenco@cs.berkeley.edu"
| #define PACKAGE_URL ""
| #define STDC_HEADERS 1
| #define HAVE_SYS_TYPES_H 1
| #define HAVE_SYS_STAT_H 1
| #define HAVE_STDLIB_H 1
| #define HAVE_STRING_H 1
| #define HAVE_MEMORY_H 1
| #define HAVE_STRINGS_H 1
| #define HAVE_INTTYPES_H 1
| #define HAVE_STDINT_H 1
| #define HAVE_UNISTD_H 1
| #define HAVE_STDLIB_H 1
| #define HAVE_STRING_H 1
| #define HAVE_STDLIB_H 1
| #define HAVE_MALLOC 1
| #define HAVE_STDLIB_H 1
| #define HAVE_REALLOC 1
| /* end confdefs.h.  */
| #include <stdio.h>
| #ifdef HAVE_SYS_TYPES_H
| # include <sys/types.h>
| #endif
| #ifdef HAVE_SYS_STAT_H
| # include <sys/stat.h>
| #endif
| #ifdef STDC_HEADERS
| # include <stdlib.h>
| # include <stddef.h>
| #else
| # ifdef HAVE_STDLIB_H
| #  include <stdlib.h>
| # endif
| #endif
| #ifdef HAVE_STRING_H
| # if !defined STDC_HEADERS && defined HAVE_MEMORY_H
| #  include <memory.h>
| # endif
| # include <string.h>
| #endif
| #ifdef HAVE_STRINGS_H
| # include <strings.h>
| #endif
| #ifdef HAVE_INTTYPES_H
| # include <inttypes.h>
| #endif
| #ifdef HAVE_STDINT_H
| # include <stdint.h>
| #endif
| #ifdef HAVE_UNISTD_H
| # include <unistd.h>
| #endif
| int
| main ()
| {
| if (sizeof ((size_t)))
| 	    return 0;
|   ;
|   return 0;
| }
configure:3519: result: yes
configure:3532: checking for memset
configure:3532: gcc -o conftest -O3 -Wall  -O3 -Wall conftest.c  >&5
conftest.c:48:6: warning: conflicting types for built-in function 'memset' [-Wbuiltin-declaration-mismatch]
 char memset ();
      ^~~~~~
configure:3532: $? = 0
configure:3532: result: yes
configure:3595: checking for GMP >= 3.1.1
configure:3630: gcc -o conftest -O3 -Wall -I/usr/include/x86_64-linux-gnu  -O3 -Wall conftest.c   -L/usr/include/x86_64-linux-gnu -lgmp -L/lib -lgmp -L/var/lib -lgmp >&5
configure:3630: $? = 0
configure:3655: gcc -o conftest -O3 -Wall -I/usr/include/x86_64-linux-gnu  -O3 -Wall conftest.c   -L/usr/include/x86_64-linux-gnu -lgmp -L/lib -lgmp -L/var/lib -lgmp >&5
configure:3655: $? = 0
configure:3655: ./conftest
configure:3655: $? = 0
configure:3657: result: found
configure:3666: checking whether GMP is 4.0 or greater
configure:3680: gcc -o conftest -O3 -Wall -I/usr/include/x86_64-linux-gnu  -O3 -Wall conftest.c   -L/usr/include/x86_64-linux-gnu -lgmp -L/lib -lgmp -L/var/lib -lgmp >&5
configure:3680: $? = 0
configure:3680: ./conftest
configure:3680: $? = 0
configure:3682: result: yes
configure:3914: creating ./config.status

## ---------------- ##
## Cache variables. ##
## ---------------- ##

ac_cv_c_compiler_gnu=yes
ac_cv_env_CC_set=
ac_cv_env_CC_value=
ac_cv_env_CFLAGS_set=
ac_cv_env_CFLAGS_value=
ac_cv_env_CPPFLAGS_set=
ac_cv_env_CPPFLAGS_value=
ac_cv_env_CPP_set=
ac_cv_env_CPP_value=
ac_cv_env_LDFLAGS_set=
ac_cv_env_LDFLAGS_value=
ac_cv_env_LIBS_set=
ac_cv_env_LIBS_value=
ac_cv_env_build_alias_set=
ac_cv_env_build_alias_value=
ac_cv_env_host_alias_set=
ac_cv_env_host_alias_value=
ac_cv_env_target_alias_set=
ac_cv_env_target_alias_value=
ac_cv_func_malloc_0_nonnull=yes
ac_cv_func_memset=yes
ac_cv_func_realloc_0_nonnull=yes
ac_cv_header_inttypes_h=yes
ac_cv_header_memory_h=yes
ac_cv_header_stdc=yes
ac_cv_header_stdint_h=yes
ac_cv_header_stdlib_h=yes
ac_cv_header_string_h=yes
ac_cv_header_strings_h=yes
ac_cv_header_sys_stat_h=yes
ac_cv_header_sys_types_h=yes
ac_cv_header_unistd_h=yes
ac_cv_objext=o
ac_cv_path_EGREP='/bin/grep -E'
ac_cv_path_GREP=/bin/grep
ac_cv_prog_CPP='gcc -E'
ac_cv_prog_ac_ct_CC=gcc
ac_cv_prog_cc_c89=
ac_cv_prog_cc_g=yes
ac_cv_type_size_t=yes

## ----------------- ##
## Output variables. ##
## ----------------- ##

CC='gcc'
CFLAGS='-O3 -Wall'
CPP='gcc -E'
CPPFLAGS=''
DEFS='-DPACKAGE_NAME=\"libpaillier\" -DPACKAGE_TARNAME=\"libpaillier\" -DPACKAGE_VERSION=\"0.8\" -DPACKAGE_STRING=\"libpaillier\ 0.8\" -DPACKAGE_BUGREPORT=\"bethenco@cs.berkeley.edu\" -DPACKAGE_URL=\"\" -DSTDC_HEADERS=1 -DHAVE_SYS_TYPES_H=1 -DHAVE_SYS_STAT_H=1 -DHAVE_STDLIB_H=1 -DHAVE_STRING_H=1 -DHAVE_MEMORY_H=1 -DHAVE_STRINGS_H=1 -DHAVE_INTTYPES_H=1 -DHAVE_STDINT_H=1 -DHAVE_UNISTD_H=1 -DHAVE_STDLIB_H=1 -DHAVE_STRING_H=1 -DHAVE_STDLIB_H=1 -DHAVE_MALLOC=1 -DHAVE_STDLIB_H=1 -DHAVE_REALLOC=1 -DHAVE_MEMSET=1 -DHAVE_GMP=1'
ECHO_C=''
ECHO_N='-n'
ECHO_T=''
EGREP='/bin/grep -E'
EXEEXT=''
GMP_CFLAGS='-I/usr/include/x86_64-linux-gnu'
GMP_LIBS=' -L/usr/include/x86_64-linux-gnu -lgmp -L/lib -lgmp -L/var/lib -lgmp'
GMP_VERSION=''
GREP='/bin/grep'
LDFLAGS='-O3 -Wall'
LIBOBJS=''
LIBS=''
LTLIBOBJS=''
OBJEXT='o'
PACKAGE_BUGREPORT='bethenco@cs.berkeley.edu'
PACKAGE_NAME='libpaillier'
PACKAGE_STRING='libpaillier 0.8'
PACKAGE_TARNAME='libpaillier'
PACKAGE_URL=''
PACKAGE_VERSION='0.8'
PATH_SEPARATOR=':'
SHELL='/bin/bash'
ac_ct_CC='gcc'
bindir='${exec_prefix}/bin'
build_alias=''
datadir='${datarootdir}'
datarootdir='${prefix}/share'
docdir='${datarootdir}/doc/${PACKAGE_TARNAME}'
dvidir='${docdir}'
exec_prefix='${prefix}'
host_alias=''
htmldir='${docdir}'
includedir='${prefix}/include'
infodir='${datarootdir}/info'
libdir='${exec_prefix}/lib'
libexecdir='${exec_prefix}/libexec'
localedir='${datarootdir}/locale'
localstatedir='${prefix}/var'
mandir='${datarootdir}/man'
oldincludedir='/usr/include'
pdfdir='${docdir}'
prefix='/usr/local'
program_transform_name='s,x,x,'
psdir='${docdir}'
runstatedir='${localstatedir}/run'
sbindir='${exec_prefix}/sbin'
sharedstatedir='${prefix}/com'
sysconfdir='${prefix}/etc'
target_alias=''

## ----------- ##
## confdefs.h. ##
## ----------- ##

/* confdefs.h */
#define PACKAGE_NAME "libpaillier"
#define PACKAGE_TARNAME "libpaillier"
#define PACKAGE_VERSION "0.8"
#define PACKAGE_STRING "libpaillier 0.8"
#define PACKAGE_BUGREPORT "bethenco@cs.berkeley.edu"
#define PACKAGE_URL ""
#define STDC_HEADERS 1
#define HAVE_SYS_TYPES_H 1
#define HAVE_SYS_STAT_H 1
#define HAVE_STDLIB_H 1
#define HAVE_STRING_H 1
#define HAVE_MEMORY_H 1
#define HAVE_STRINGS_H 1
#define HAVE_INTTYPES_H 1
#define HAVE_STDINT_H 1
#define HAVE_UNISTD_H 1
#define HAVE_STDLIB_H 1
#define HAVE_STRING_H 1
#define HAVE_STDLIB_H 1
#define HAVE_MALLOC 1
#define HAVE_STDLIB_H 1
#define HAVE_REALLOC 1
#define HAVE_MEMSET 1
#define HAVE_GMP 1

configure: exit 0

## ---------------------- ##
## Running config.status. ##
## ---------------------- ##

This file was extended by libpaillier config.status 0.8, which was
generated by GNU Autoconf 2.69.  Invocation command line was

  CONFIG_FILES    = 
  CONFIG_HEADERS  = 
  CONFIG_LINKS    = 
  CONFIG_COMMANDS = 
  $ ./config.status 

on orangeyTang

config.status:728: creating Makefile
